 [2023-03-22 23:05:56,801] - [backtest_tmp.py] - [day:2021-11-02, 海龟交易法则 在 5 天后, 总数:371, 成功数:92, 失败数:249, 成功率: 24.80%, 失败率 67.12%]
 [2023-03-22 23:05:56,851] - [backtest_tmp.py] - [day:2021-11-02, 放量上涨 在 5 天后, 总数:14, 成功数:2, 失败数:8, 成功率: 14.29%, 失败率 57.14%]
 [2023-03-22 23:05:56,959] - [backtest_tmp.py] - [day:2021-11-02, 突破平台 在 5 天后, 总数:37, 成功数:5, 失败数:28, 成功率: 13.51%, 失败率 75.68%]
 [2023-03-22 23:05:57,353] - [backtest_tmp.py] - [day:2021-11-02, 均线多头 在 5 天后, 总数:173, 成功数:46, 失败数:124, 成功率: 26.59%, 失败率 71.68%]
 [2023-03-22 23:05:57,376] - [backtest_tmp.py] - [day:2021-11-02, 无大幅回撤 在 5 天后, 总数:12, 成功数:3, 失败数:9, 成功率: 25.00%, 失败率 75.00%]
 [2023-03-22 23:05:57,400] - [backtest_tmp.py] - [day:2021-11-02, 停机坪 在 5 天后, 总数:9, 成功数:2, 失败数:6, 成功率: 22.22%, 失败率 66.67%]
 [2023-03-22 23:05:58,839] - [backtest_tmp.py] - [day:2021-11-16, 海龟交易法则 在 5 天后, 总数:624, 成功数:87, 失败数:461, 成功率: 13.94%, 失败率 73.88%]
 [2023-03-22 23:05:58,856] - [backtest_tmp.py] - [day:2021-11-16, 放量上涨 在 5 天后, 总数:9, 成功数:3, 失败数:6, 成功率: 33.33%, 失败率 66.67%]
 [2023-03-22 23:05:58,980] - [backtest_tmp.py] - [day:2021-11-16, 突破平台 在 5 天后, 总数:44, 成功数:10, 失败数:28, 成功率: 22.73%, 失败率 63.64%]
 [2023-03-22 23:05:59,553] - [backtest_tmp.py] - [day:2021-11-16, 均线多头 在 5 天后, 总数:283, 成功数:67, 失败数:201, 成功率: 23.67%, 失败率 71.02%]
 [2023-03-22 23:05:59,582] - [backtest_tmp.py] - [day:2021-11-16, 无大幅回撤 在 5 天后, 总数:15, 成功数:5, 失败数:10, 成功率: 33.33%, 失败率 66.67%]
 [2023-03-22 23:05:59,658] - [backtest_tmp.py] - [day:2021-11-16, 停机坪 在 5 天后, 总数:29, 成功数:7, 失败数:20, 成功率: 24.14%, 失败率 68.97%]
 [2023-03-22 23:06:01,843] - [backtest_tmp.py] - [day:2021-11-17, 海龟交易法则 在 5 天后, 总数:1002, 成功数:172, 失败数:700, 成功率: 17.17%, 失败率 69.86%]
 [2023-03-22 23:06:01,852] - [backtest_tmp.py] - [day:2021-11-17, 放量上涨 在 5 天后, 总数:3, 成功数:0, 失败数:3, 成功率: 0.00%, 失败率 100.00%]
 [2023-03-22 23:06:01,970] - [backtest_tmp.py] - [day:2021-11-17, 突破平台 在 5 天后, 总数:45, 成功数:6, 失败数:30, 成功率: 13.33%, 失败率 66.67%]
 [2023-03-22 23:06:02,582] - [backtest_tmp.py] - [day:2021-11-17, 均线多头 在 5 天后, 总数:318, 成功数:57, 失败数:246, 成功率: 17.92%, 失败率 77.36%]
 [2023-03-22 23:06:02,626] - [backtest_tmp.py] - [day:2021-11-17, 无大幅回撤 在 5 天后, 总数:19, 成功数:9, 失败数:10, 成功率: 47.37%, 失败率 52.63%]
 [2023-03-22 23:06:02,706] - [backtest_tmp.py] - [day:2021-11-17, 停机坪 在 5 天后, 总数:30, 成功数:6, 失败数:21, 成功率: 20.00%, 失败率 70.00%]
 [2023-03-22 23:06:03,346] - [backtest_tmp.py] - [day:2021-11-03, 海龟交易法则 在 5 天后, 总数:298, 成功数:76, 失败数:199, 成功率: 25.50%, 失败率 66.78%]
 [2023-03-22 23:06:03,349] - [backtest_tmp.py] - [day:2021-11-03, 放量上涨 在 5 天后, 总数:2, 成功数:1, 失败数:1, 成功率: 50.00%, 失败率 50.00%]
 [2023-03-22 23:06:03,441] - [backtest_tmp.py] - [day:2021-11-03, 突破平台 在 5 天后, 总数:38, 成功数:6, 失败数:26, 成功率: 15.79%, 失败率 68.42%]
 [2023-03-22 23:06:03,798] - [backtest_tmp.py] - [day:2021-11-03, 均线多头 在 5 天后, 总数:169, 成功数:40, 失败数:121, 成功率: 23.67%, 失败率 71.60%]
 [2023-03-22 23:06:03,818] - [backtest_tmp.py] - [day:2021-11-03, 无大幅回撤 在 5 天后, 总数:12, 成功数:2, 失败数:8, 成功率: 16.67%, 失败率 66.67%]
 [2023-03-22 23:06:03,844] - [backtest_tmp.py] - [day:2021-11-03, 停机坪 在 5 天后, 总数:10, 成功数:2, 失败数:7, 成功率: 20.00%, 失败率 70.00%]
 [2023-03-22 23:06:04,965] - [backtest_tmp.py] - [day:2023-02-28, 海龟交易法则 在 5 天后, 总数:389, 成功数:48, 失败数:299, 成功率: 12.34%, 失败率 76.86%]
 [2023-03-22 23:06:05,013] - [backtest_tmp.py] - [day:2023-02-28, 放量上涨 在 5 天后, 总数:19, 成功数:4, 失败数:14, 成功率: 21.05%, 失败率 73.68%]
 [2023-03-22 23:06:05,444] - [backtest_tmp.py] - [day:2023-02-28, 突破平台 在 5 天后, 总数:181, 成功数:16, 失败数:148, 成功率: 8.84%, 失败率 81.77%]
 [2023-03-22 23:06:05,774] - [backtest_tmp.py] - [day:2023-02-28, 均线多头 在 5 天后, 总数:115, 成功数:21, 失败数:86, 成功率: 18.26%, 失败率 74.78%]
 [2023-03-22 23:06:05,827] - [backtest_tmp.py] - [day:2023-02-28, 无大幅回撤 在 5 天后, 总数:9, 成功数:3, 失败数:3, 成功率: 33.33%, 失败率 33.33%]
 [2023-03-22 23:06:05,848] - [backtest_tmp.py] - [day:2023-02-28, 停机坪 在 5 天后, 总数:11, 成功数:0, 失败数:11, 成功率: 0.00%, 失败率 100.00%]
 [2023-03-22 23:06:08,807] - [backtest_tmp.py] - [day:2021-11-15, 海龟交易法则 在 5 天后, 总数:1429, 成功数:215, 失败数:1048, 成功率: 15.05%, 失败率 73.34%]
 [2023-03-22 23:06:08,828] - [backtest_tmp.py] - [day:2021-11-15, 放量上涨 在 5 天后, 总数:8, 成功数:1, 失败数:5, 成功率: 12.50%, 失败率 62.50%]
 [2023-03-22 23:06:08,940] - [backtest_tmp.py] - [day:2021-11-15, 突破平台 在 5 天后, 总数:43, 成功数:3, 失败数:36, 成功率: 6.98%, 失败率 83.72%]
 [2023-03-22 23:06:09,470] - [backtest_tmp.py] - [day:2021-11-15, 均线多头 在 5 天后, 总数:256, 成功数:61, 失败数:179, 成功率: 23.83%, 失败率 69.92%]
 [2023-03-22 23:06:09,494] - [backtest_tmp.py] - [day:2021-11-15, 无大幅回撤 在 5 天后, 总数:14, 成功数:4, 失败数:10, 成功率: 28.57%, 失败率 71.43%]
 [2023-03-22 23:06:09,571] - [backtest_tmp.py] - [day:2021-11-15, 停机坪 在 5 天后, 总数:28, 成功数:6, 失败数:19, 成功率: 21.43%, 失败率 67.86%]
 [2023-03-22 23:06:10,558] - [backtest_tmp.py] - [day:2021-11-01, 海龟交易法则 在 5 天后, 总数:497, 成功数:100, 失败数:350, 成功率: 20.12%, 失败率 70.42%]
 [2023-03-22 23:06:10,598] - [backtest_tmp.py] - [day:2021-11-01, 放量上涨 在 5 天后, 总数:17, 成功数:1, 失败数:15, 成功率: 5.88%, 失败率 88.24%]
 [2023-03-22 23:06:10,680] - [backtest_tmp.py] - [day:2021-11-01, 突破平台 在 5 天后, 总数:38, 成功数:8, 失败数:25, 成功率: 21.05%, 失败率 65.79%]
 [2023-03-22 23:06:11,067] - [backtest_tmp.py] - [day:2021-11-01, 均线多头 在 5 天后, 总数:189, 成功数:39, 失败数:134, 成功率: 20.63%, 失败率 70.90%]
 [2023-03-22 23:06:11,090] - [backtest_tmp.py] - [day:2021-11-01, 无大幅回撤 在 5 天后, 总数:10, 成功数:4, 失败数:6, 成功率: 40.00%, 失败率 60.00%]
 [2023-03-22 23:06:11,105] - [backtest_tmp.py] - [day:2021-11-01, 停机坪 在 5 天后, 总数:7, 成功数:1, 失败数:5, 成功率: 14.29%, 失败率 71.43%]
 [2023-03-22 23:06:13,252] - [backtest_tmp.py] - [day:2021-11-10, 海龟交易法则 在 5 天后, 总数:1121, 成功数:301, 失败数:690, 成功率: 26.85%, 失败率 61.55%]
 [2023-03-22 23:06:13,264] - [backtest_tmp.py] - [day:2021-11-10, 放量上涨 在 5 天后, 总数:6, 成功数:1, 失败数:4, 成功率: 16.67%, 失败率 66.67%]
 [2023-03-22 23:06:13,352] - [backtest_tmp.py] - [day:2021-11-10, 突破平台 在 5 天后, 总数:34, 成功数:9, 失败数:20, 成功率: 26.47%, 失败率 58.82%]
 [2023-03-22 23:06:13,807] - [backtest_tmp.py] - [day:2021-11-10, 均线多头 在 5 天后, 总数:210, 成功数:61, 失败数:136, 成功率: 29.05%, 失败率 64.76%]
 [2023-03-22 23:06:13,826] - [backtest_tmp.py] - [day:2021-11-10, 无大幅回撤 在 5 天后, 总数:11, 成功数:3, 失败数:8, 成功率: 27.27%, 失败率 72.73%]
 [2023-03-22 23:06:13,894] - [backtest_tmp.py] - [day:2021-11-10, 停机坪 在 5 天后, 总数:26, 成功数:9, 失败数:14, 成功率: 34.62%, 失败率 53.85%]
 [2023-03-22 23:06:15,308] - [backtest_tmp.py] - [day:2021-11-04, 海龟交易法则 在 5 天后, 总数:692, 成功数:144, 失败数:490, 成功率: 20.81%, 失败率 70.81%]
 [2023-03-22 23:06:15,309] - [backtest_tmp.py] - [day:2021-11-04, 放量上涨 在 5 天后, 总数:2, 成功数:0, 失败数:2, 成功率: 0.00%, 失败率 100.00%]
 [2023-03-22 23:06:15,400] - [backtest_tmp.py] - [day:2021-11-04, 突破平台 在 5 天后, 总数:37, 成功数:8, 失败数:25, 成功率: 21.62%, 失败率 67.57%]
 [2023-03-22 23:06:15,753] - [backtest_tmp.py] - [day:2021-11-04, 均线多头 在 5 天后, 总数:176, 成功数:28, 失败数:140, 成功率: 15.91%, 失败率 79.55%]
 [2023-03-22 23:06:15,776] - [backtest_tmp.py] - [day:2021-11-04, 无大幅回撤 在 5 天后, 总数:11, 成功数:2, 失败数:8, 成功率: 18.18%, 失败率 72.73%]
 [2023-03-22 23:06:15,825] - [backtest_tmp.py] - [day:2021-11-04, 停机坪 在 5 天后, 总数:20, 成功数:3, 失败数:15, 成功率: 15.00%, 失败率 75.00%]
 [2023-03-22 23:06:16,742] - [backtest_tmp.py] - [day:2021-11-05, 海龟交易法则 在 5 天后, 总数:487, 成功数:142, 失败数:312, 成功率: 29.16%, 失败率 64.07%]
 [2023-03-22 23:06:16,746] - [backtest_tmp.py] - [day:2021-11-05, 放量上涨 在 5 天后, 总数:6, 成功数:0, 失败数:6, 成功率: 0.00%, 失败率 100.00%]
 [2023-03-22 23:06:16,820] - [backtest_tmp.py] - [day:2021-11-05, 突破平台 在 5 天后, 总数:33, 成功数:7, 失败数:21, 成功率: 21.21%, 失败率 63.64%]
 [2023-03-22 23:06:17,191] - [backtest_tmp.py] - [day:2021-11-05, 均线多头 在 5 天后, 总数:182, 成功数:50, 失败数:122, 成功率: 27.47%, 失败率 67.03%]
 [2023-03-22 23:06:17,207] - [backtest_tmp.py] - [day:2021-11-05, 无大幅回撤 在 5 天后, 总数:10, 成功数:3, 失败数:7, 成功率: 30.00%, 失败率 70.00%]
 [2023-03-22 23:06:17,259] - [backtest_tmp.py] - [day:2021-11-05, 停机坪 在 5 天后, 总数:22, 成功数:4, 失败数:15, 成功率: 18.18%, 失败率 68.18%]
 [2023-03-22 23:06:19,722] - [backtest_tmp.py] - [day:2021-11-11, 海龟交易法则 在 5 天后, 总数:1235, 成功数:203, 失败数:883, 成功率: 16.44%, 失败率 71.50%]
 [2023-03-22 23:06:19,793] - [backtest_tmp.py] - [day:2021-11-11, 放量上涨 在 5 天后, 总数:29, 成功数:0, 失败数:28, 成功率: 0.00%, 失败率 96.55%]
 [2023-03-22 23:06:19,895] - [backtest_tmp.py] - [day:2021-11-11, 突破平台 在 5 天后, 总数:43, 成功数:3, 失败数:34, 成功率: 6.98%, 失败率 79.07%]
 [2023-03-22 23:06:20,344] - [backtest_tmp.py] - [day:2021-11-11, 均线多头 在 5 天后, 总数:209, 成功数:50, 失败数:148, 成功率: 23.92%, 失败率 70.81%]
 [2023-03-22 23:06:20,368] - [backtest_tmp.py] - [day:2021-11-11, 无大幅回撤 在 5 天后, 总数:13, 成功数:4, 失败数:9, 成功率: 30.77%, 失败率 69.23%]
 [2023-03-22 23:06:20,438] - [backtest_tmp.py] - [day:2021-11-11, 停机坪 在 5 天后, 总数:27, 成功数:8, 失败数:17, 成功率: 29.63%, 失败率 62.96%]
 [2023-03-22 23:06:22,729] - [backtest_tmp.py] - [day:2021-11-12, 海龟交易法则 在 5 天后, 总数:1169, 成功数:268, 失败数:763, 成功率: 22.93%, 失败率 65.27%]
 [2023-03-22 23:06:22,751] - [backtest_tmp.py] - [day:2021-11-12, 放量上涨 在 5 天后, 总数:9, 成功数:1, 失败数:6, 成功率: 11.11%, 失败率 66.67%]
 [2023-03-22 23:06:22,852] - [backtest_tmp.py] - [day:2021-11-12, 突破平台 在 5 天后, 总数:41, 成功数:5, 失败数:33, 成功率: 12.20%, 失败率 80.49%]
 [2023-03-22 23:06:23,339] - [backtest_tmp.py] - [day:2021-11-12, 均线多头 在 5 天后, 总数:227, 成功数:51, 失败数:164, 成功率: 22.47%, 失败率 72.25%]
 [2023-03-22 23:06:23,361] - [backtest_tmp.py] - [day:2021-11-12, 无大幅回撤 在 5 天后, 总数:14, 成功数:4, 失败数:10, 成功率: 28.57%, 失败率 71.43%]
 [2023-03-22 23:06:23,436] - [backtest_tmp.py] - [day:2021-11-12, 停机坪 在 5 天后, 总数:29, 成功数:8, 失败数:20, 成功率: 27.59%, 失败率 68.97%]
 [2023-03-22 23:06:23,762] - [backtest_tmp.py] - [day:2021-09-28, 海龟交易法则 在 5 天后, 总数:132, 成功数:16, 失败数:112, 成功率: 12.12%, 失败率 84.85%]
 [2023-03-22 23:06:23,773] - [backtest_tmp.py] - [day:2021-09-28, 放量上涨 在 5 天后, 总数:5, 成功数:2, 失败数:3, 成功率: 40.00%, 失败率 60.00%]
 [2023-03-22 23:06:23,909] - [backtest_tmp.py] - [day:2021-09-28, 突破平台 在 5 天后, 总数:56, 成功数:15, 失败数:36, 成功率: 26.79%, 失败率 64.29%]
 [2023-03-22 23:06:24,333] - [backtest_tmp.py] - [day:2021-09-28, 均线多头 在 5 天后, 总数:171, 成功数:15, 失败数:152, 成功率: 8.77%, 失败率 88.89%]
 [2023-03-22 23:06:24,361] - [backtest_tmp.py] - [day:2021-09-28, 无大幅回撤 在 5 天后, 总数:10, 成功数:0, 失败数:10, 成功率: 0.00%, 失败率 100.00%]
 [2023-03-22 23:06:24,412] - [backtest_tmp.py] - [day:2021-09-28, 停机坪 在 5 天后, 总数:19, 成功数:2, 失败数:17, 成功率: 10.53%, 失败率 89.47%]
 [2023-03-22 23:06:24,649] - [backtest_tmp.py] - [day:2021-10-21, 海龟交易法则 在 5 天后, 总数:109, 成功数:14, 失败数:90, 成功率: 12.84%, 失败率 82.57%]
 [2023-03-22 23:06:24,728] - [backtest_tmp.py] - [day:2021-10-21, 突破平台 在 5 天后, 总数:38, 成功数:5, 失败数:32, 成功率: 13.16%, 失败率 84.21%]
 [2023-03-22 23:06:24,800] - [backtest_tmp.py] - [day:2021-10-21, 均线多头 在 5 天后, 总数:30, 成功数:8, 失败数:21, 成功率: 26.67%, 失败率 70.00%]
 [2023-03-22 23:06:24,826] - [backtest_tmp.py] - [day:2021-10-21, 无大幅回撤 在 5 天后, 总数:8, 成功数:3, 失败数:5, 成功率: 37.50%, 失败率 62.50%]
 [2023-03-22 23:06:24,835] - [backtest_tmp.py] - [day:2021-10-21, 停机坪 在 5 天后, 总数:6, 成功数:1, 失败数:5, 成功率: 16.67%, 失败率 83.33%]
 [2023-03-22 23:06:24,959] - [backtest_tmp.py] - [day:2021-09-29, 海龟交易法则 在 5 天后, 总数:57, 成功数:12, 失败数:39, 成功率: 21.05%, 失败率 68.42%]
 [2023-03-22 23:06:24,983] - [backtest_tmp.py] - [day:2021-09-29, 放量上涨 在 5 天后, 总数:7, 成功数:3, 失败数:4, 成功率: 42.86%, 失败率 57.14%]
 [2023-03-22 23:06:25,104] - [backtest_tmp.py] - [day:2021-09-29, 突破平台 在 5 天后, 总数:55, 成功数:15, 失败数:32, 成功率: 27.27%, 失败率 58.18%]
 [2023-03-22 23:06:25,454] - [backtest_tmp.py] - [day:2021-09-29, 均线多头 在 5 天后, 总数:150, 成功数:14, 失败数:130, 成功率: 9.33%, 失败率 86.67%]
 [2023-03-22 23:06:25,480] - [backtest_tmp.py] - [day:2021-09-29, 无大幅回撤 在 5 天后, 总数:9, 成功数:1, 失败数:6, 成功率: 11.11%, 失败率 66.67%]
 [2023-03-22 23:06:25,521] - [backtest_tmp.py] - [day:2021-09-29, 停机坪 在 5 天后, 总数:15, 成功数:1, 失败数:13, 成功率: 6.67%, 失败率 86.67%]
 [2023-03-22 23:06:26,353] - [backtest_tmp.py] - [day:2021-09-15, 海龟交易法则 在 5 天后, 总数:401, 成功数:39, 失败数:345, 成功率: 9.73%, 失败率 86.03%]
 [2023-03-22 23:06:26,373] - [backtest_tmp.py] - [day:2021-09-15, 放量上涨 在 5 天后, 总数:7, 成功数:2, 失败数:5, 成功率: 28.57%, 失败率 71.43%]
 [2023-03-22 23:06:26,541] - [backtest_tmp.py] - [day:2021-09-15, 突破平台 在 5 天后, 总数:62, 成功数:8, 失败数:51, 成功率: 12.90%, 失败率 82.26%]
 [2023-03-22 23:06:26,979] - [backtest_tmp.py] - [day:2021-09-15, 均线多头 在 5 天后, 总数:195, 成功数:21, 失败数:171, 成功率: 10.77%, 失败率 87.69%]
 [2023-03-22 23:06:27,036] - [backtest_tmp.py] - [day:2021-09-15, 无大幅回撤 在 5 天后, 总数:26, 成功数:4, 失败数:22, 成功率: 15.38%, 失败率 84.62%]
 [2023-03-22 23:06:27,098] - [backtest_tmp.py] - [day:2021-09-15, 停机坪 在 5 天后, 总数:25, 成功数:5, 失败数:17, 成功率: 20.00%, 失败率 68.00%]
 [2023-03-22 23:06:28,494] - [backtest_tmp.py] - [day:2023-03-21, 海龟交易法则 在 5 天后, 总数:148, 成功数:0, 失败数:148, 成功率: 0.00%, 失败率 100.00%]
 [2023-03-22 23:06:28,544] - [backtest_tmp.py] - [day:2023-03-21, 放量上涨 在 5 天后, 总数:7, 成功数:0, 失败数:7, 成功率: 0.00%, 失败率 100.00%]
 [2023-03-22 23:06:29,228] - [backtest_tmp.py] - [day:2023-03-21, 突破平台 在 5 天后, 总数:105, 成功数:0, 失败数:105, 成功率: 0.00%, 失败率 100.00%]
 [2023-03-22 23:06:29,592] - [backtest_tmp.py] - [day:2023-03-21, 均线多头 在 5 天后, 总数:24, 成功数:0, 失败数:24, 成功率: 0.00%, 失败率 100.00%]
 [2023-03-22 23:06:29,643] - [backtest_tmp.py] - [day:2023-03-21, 无大幅回撤 在 5 天后, 总数:3, 成功数:0, 失败数:3, 成功率: 0.00%, 失败率 100.00%]
 [2023-03-22 23:06:29,653] - [backtest_tmp.py] - [day:2023-03-21, 停机坪 在 5 天后, 总数:3, 成功数:0, 失败数:3, 成功率: 0.00%, 失败率 100.00%]
 [2023-03-22 23:06:30,971] - [backtest_tmp.py] - [day:2023-03-09, 海龟交易法则 在 5 天后, 总数:411, 成功数:50, 失败数:328, 成功率: 12.17%, 失败率 79.81%]
 [2023-03-22 23:06:31,039] - [backtest_tmp.py] - [day:2023-03-09, 放量上涨 在 5 天后, 总数:20, 成功数:6, 失败数:13, 成功率: 30.00%, 失败率 65.00%]
 [2023-03-22 23:06:31,671] - [backtest_tmp.py] - [day:2023-03-09, 突破平台 在 5 天后, 总数:271, 成功数:35, 失败数:223, 成功率: 12.92%, 失败率 82.29%]
 [2023-03-22 23:06:31,893] - [backtest_tmp.py] - [day:2023-03-09, 均线多头 在 5 天后, 总数:74, 成功数:16, 失败数:55, 成功率: 21.62%, 失败率 74.32%]
 [2023-03-22 23:06:31,906] - [backtest_tmp.py] - [day:2023-03-09, 无大幅回撤 在 5 天后, 总数:3, 成功数:0, 失败数:3, 成功率: 0.00%, 失败率 100.00%]
 [2023-03-22 23:06:31,917] - [backtest_tmp.py] - [day:2023-03-09, 停机坪 在 5 天后, 总数:8, 成功数:1, 失败数:6, 成功率: 12.50%, 失败率 75.00%]
 [2023-03-22 23:06:32,525] - [backtest_tmp.py] - [day:2023-03-08, 海龟交易法则 在 5 天后, 总数:233, 成功数:33, 失败数:176, 成功率: 14.16%, 失败率 75.54%]
 [2023-03-22 23:06:32,545] - [backtest_tmp.py] - [day:2023-03-08, 放量上涨 在 5 天后, 总数:7, 成功数:1, 失败数:6, 成功率: 14.29%, 失败率 85.71%]
 [2023-03-22 23:06:33,101] - [backtest_tmp.py] - [day:2023-03-08, 突破平台 在 5 天后, 总数:252, 成功数:39, 失败数:190, 成功率: 15.48%, 失败率 75.40%]
 [2023-03-22 23:06:33,333] - [backtest_tmp.py] - [day:2023-03-08, 均线多头 在 5 天后, 总数:71, 成功数:16, 失败数:51, 成功率: 22.54%, 失败率 71.83%]
 [2023-03-22 23:06:33,348] - [backtest_tmp.py] - [day:2023-03-08, 无大幅回撤 在 5 天后, 总数:4, 成功数:2, 失败数:2, 成功率: 50.00%, 失败率 50.00%]
 [2023-03-22 23:06:33,364] - [backtest_tmp.py] - [day:2023-03-08, 停机坪 在 5 天后, 总数:9, 成功数:1, 失败数:8, 成功率: 11.11%, 失败率 88.89%]
 [2023-03-22 23:06:34,723] - [backtest_tmp.py] - [day:2023-03-20, 海龟交易法则 在 5 天后, 总数:140, 成功数:0, 失败数:140, 成功率: 0.00%, 失败率 100.00%]
 [2023-03-22 23:06:34,778] - [backtest_tmp.py] - [day:2023-03-20, 放量上涨 在 5 天后, 总数:10, 成功数:0, 失败数:10, 成功率: 0.00%, 失败率 100.00%]
 [2023-03-22 23:06:35,425] - [backtest_tmp.py] - [day:2023-03-20, 突破平台 在 5 天后, 总数:104, 成功数:0, 失败数:104, 成功率: 0.00%, 失败率 100.00%]
 [2023-03-22 23:06:35,735] - [backtest_tmp.py] - [day:2023-03-20, 均线多头 在 5 天后, 总数:28, 成功数:0, 失败数:28, 成功率: 0.00%, 失败率 100.00%]
 [2023-03-22 23:06:35,786] - [backtest_tmp.py] - [day:2023-03-20, 无大幅回撤 在 5 天后, 总数:3, 成功数:0, 失败数:3, 成功率: 0.00%, 失败率 100.00%]
 [2023-03-22 23:06:35,794] - [backtest_tmp.py] - [day:2023-03-20, 停机坪 在 5 天后, 总数:5, 成功数:0, 失败数:5, 成功率: 0.00%, 失败率 100.00%]
 [2023-03-22 23:06:36,298] - [backtest_tmp.py] - [day:2021-09-16, 海龟交易法则 在 5 天后, 总数:237, 成功数:23, 失败数:210, 成功率: 9.70%, 失败率 88.61%]
 [2023-03-22 23:06:36,319] - [backtest_tmp.py] - [day:2021-09-16, 放量上涨 在 5 天后, 总数:9, 成功数:2, 失败数:7, 成功率: 22.22%, 失败率 77.78%]
 [2023-03-22 23:06:36,477] - [backtest_tmp.py] - [day:2021-09-16, 突破平台 在 5 天后, 总数:62, 成功数:10, 失败数:49, 成功率: 16.13%, 失败率 79.03%]
 [2023-03-22 23:06:36,948] - [backtest_tmp.py] - [day:2021-09-16, 均线多头 在 5 天后, 总数:209, 成功数:17, 失败数:190, 成功率: 8.13%, 失败率 90.91%]
 [2023-03-22 23:06:36,996] - [backtest_tmp.py] - [day:2021-09-16, 无大幅回撤 在 5 天后, 总数:20, 成功数:3, 失败数:17, 成功率: 15.00%, 失败率 85.00%]
 [2023-03-22 23:06:37,053] - [backtest_tmp.py] - [day:2021-09-16, 停机坪 在 5 天后, 总数:25, 成功数:4, 失败数:21, 成功率: 16.00%, 失败率 84.00%]
 [2023-03-22 23:06:37,299] - [backtest_tmp.py] - [day:2021-10-27, 海龟交易法则 在 5 天后, 总数:111, 成功数:19, 失败数:88, 成功率: 17.12%, 失败率 79.28%]
 [2023-03-22 23:06:37,299] - [backtest_tmp.py] - [day:2021-10-27, 放量上涨 在 5 天后, 总数:1, 成功数:0, 失败数:1, 成功率: 0.00%, 失败率 100.00%]
 [2023-03-22 23:06:37,364] - [backtest_tmp.py] - [day:2021-10-27, 突破平台 在 5 天后, 总数:31, 成功数:10, 失败数:18, 成功率: 32.26%, 失败率 58.06%]
 [2023-03-22 23:06:37,455] - [backtest_tmp.py] - [day:2021-10-27, 均线多头 在 5 天后, 总数:43, 成功数:11, 失败数:30, 成功率: 25.58%, 失败率 69.77%]
 [2023-03-22 23:06:37,485] - [backtest_tmp.py] - [day:2021-10-27, 无大幅回撤 在 5 天后, 总数:10, 成功数:6, 失败数:3, 成功率: 60.00%, 失败率 30.00%]
 [2023-03-22 23:06:37,493] - [backtest_tmp.py] - [day:2021-10-27, 停机坪 在 5 天后, 总数:6, 成功数:0, 失败数:6, 成功率: 0.00%, 失败率 100.00%]
 [2023-03-22 23:06:38,706] - [backtest_tmp.py] - [day:2023-03-18, 海龟交易法则 在 5 天后, 总数:437, 成功数:0, 失败数:437, 成功率: 0.00%, 失败率 100.00%]
 [2023-03-22 23:06:38,731] - [backtest_tmp.py] - [day:2023-03-18, 放量上涨 在 5 天后, 总数:9, 成功数:0, 失败数:9, 成功率: 0.00%, 失败率 100.00%]
 [2023-03-22 23:06:39,342] - [backtest_tmp.py] - [day:2023-03-18, 突破平台 在 5 天后, 总数:265, 成功数:0, 失败数:265, 成功率: 0.00%, 失败率 100.00%]
 [2023-03-22 23:06:39,591] - [backtest_tmp.py] - [day:2023-03-18, 均线多头 在 5 天后, 总数:93, 成功数:0, 失败数:93, 成功率: 0.00%, 失败率 100.00%]
 [2023-03-22 23:06:39,633] - [backtest_tmp.py] - [day:2023-03-18, 无大幅回撤 在 5 天后, 总数:13, 成功数:0, 失败数:13, 成功率: 0.00%, 失败率 100.00%]
 [2023-03-22 23:06:39,637] - [backtest_tmp.py] - [day:2023-03-18, 停机坪 在 5 天后, 总数:6, 成功数:0, 失败数:6, 成功率: 0.00%, 失败率 100.00%]
 [2023-03-22 23:06:41,066] - [backtest_tmp.py] - [day:2021-12-22, 海龟交易法则 在 5 天后, 总数:708, 成功数:90, 失败数:581, 成功率: 12.71%, 失败率 82.06%]
 [2023-03-22 23:06:41,091] - [backtest_tmp.py] - [day:2021-12-22, 放量上涨 在 5 天后, 总数:13, 成功数:1, 失败数:11, 成功率: 7.69%, 失败率 84.62%]
 [2023-03-22 23:06:41,226] - [backtest_tmp.py] - [day:2021-12-22, 突破平台 在 5 天后, 总数:62, 成功数:11, 失败数:46, 成功率: 17.74%, 失败率 74.19%]
 [2023-03-22 23:06:41,702] - [backtest_tmp.py] - [day:2021-12-22, 均线多头 在 5 天后, 总数:232, 成功数:23, 失败数:196, 成功率: 9.91%, 失败率 84.48%]
 [2023-03-22 23:06:41,759] - [backtest_tmp.py] - [day:2021-12-22, 无大幅回撤 在 5 天后, 总数:17, 成功数:1, 失败数:13, 成功率: 5.88%, 失败率 76.47%]
 [2023-03-22 23:06:42,942] - [backtest_tmp.py] - [day:2023-03-19, 海龟交易法则 在 5 天后, 总数:437, 成功数:0, 失败数:437, 成功率: 0.00%, 失败率 100.00%]
 [2023-03-22 23:06:42,969] - [backtest_tmp.py] - [day:2023-03-19, 放量上涨 在 5 天后, 总数:9, 成功数:0, 失败数:9, 成功率: 0.00%, 失败率 100.00%]
 [2023-03-22 23:06:43,619] - [backtest_tmp.py] - [day:2023-03-19, 突破平台 在 5 天后, 总数:265, 成功数:0, 失败数:265, 成功率: 0.00%, 失败率 100.00%]
 [2023-03-22 23:06:43,878] - [backtest_tmp.py] - [day:2023-03-19, 均线多头 在 5 天后, 总数:93, 成功数:0, 失败数:93, 成功率: 0.00%, 失败率 100.00%]
 [2023-03-22 23:06:43,916] - [backtest_tmp.py] - [day:2023-03-19, 无大幅回撤 在 5 天后, 总数:13, 成功数:0, 失败数:13, 成功率: 0.00%, 失败率 100.00%]
 [2023-03-22 23:06:43,920] - [backtest_tmp.py] - [day:2023-03-19, 停机坪 在 5 天后, 总数:6, 成功数:0, 失败数:6, 成功率: 0.00%, 失败率 100.00%]
 [2023-03-22 23:06:44,264] - [backtest_tmp.py] - [day:2021-10-26, 海龟交易法则 在 5 天后, 总数:134, 成功数:33, 失败数:93, 成功率: 24.63%, 失败率 69.40%]
 [2023-03-22 23:06:44,276] - [backtest_tmp.py] - [day:2021-10-26, 放量上涨 在 5 天后, 总数:4, 成功数:1, 失败数:3, 成功率: 25.00%, 失败率 75.00%]
 [2023-03-22 23:06:44,342] - [backtest_tmp.py] - [day:2021-10-26, 突破平台 在 5 天后, 总数:25, 成功数:10, 失败数:10, 成功率: 40.00%, 失败率 40.00%]
 [2023-03-22 23:06:44,399] - [backtest_tmp.py] - [day:2021-10-26, 均线多头 在 5 天后, 总数:24, 成功数:6, 失败数:16, 成功率: 25.00%, 失败率 66.67%]
 [2023-03-22 23:06:44,441] - [backtest_tmp.py] - [day:2021-10-26, 无大幅回撤 在 5 天后, 总数:8, 成功数:4, 失败数:4, 成功率: 50.00%, 失败率 50.00%]
 [2023-03-22 23:06:44,453] - [backtest_tmp.py] - [day:2021-10-26, 停机坪 在 5 天后, 总数:5, 成功数:0, 失败数:5, 成功率: 0.00%, 失败率 100.00%]
 [2023-03-22 23:06:44,659] - [backtest_tmp.py] - [day:2021-10-18, 海龟交易法则 在 5 天后, 总数:100, 成功数:14, 失败数:80, 成功率: 14.00%, 失败率 80.00%]
 [2023-03-22 23:06:44,803] - [backtest_tmp.py] - [day:2021-10-18, 突破平台 在 5 天后, 总数:47, 成功数:11, 失败数:31, 成功率: 23.40%, 失败率 65.96%]
 [2023-03-22 23:06:44,896] - [backtest_tmp.py] - [day:2021-10-18, 均线多头 在 5 天后, 总数:39, 成功数:12, 失败数:27, 成功率: 30.77%, 失败率 69.23%]
 [2023-03-22 23:06:44,906] - [backtest_tmp.py] - [day:2021-10-18, 无大幅回撤 在 5 天后, 总数:3, 成功数:1, 失败数:2, 成功率: 33.33%, 失败率 66.67%]
 [2023-03-22 23:06:44,932] - [backtest_tmp.py] - [day:2021-10-18, 停机坪 在 5 天后, 总数:6, 成功数:3, 失败数:3, 成功率: 50.00%, 失败率 50.00%]
 [2023-03-22 23:06:47,225] - [backtest_tmp.py] - [day:2021-12-21, 海龟交易法则 在 5 天后, 总数:1029, 成功数:83, 失败数:891, 成功率: 8.07%, 失败率 86.59%]
 [2023-03-22 23:06:47,255] - [backtest_tmp.py] - [day:2021-12-21, 放量上涨 在 5 天后, 总数:10, 成功数:0, 失败数:9, 成功率: 0.00%, 失败率 90.00%]
 [2023-03-22 23:06:47,391] - [backtest_tmp.py] - [day:2021-12-21, 突破平台 在 5 天后, 总数:61, 成功数:12, 失败数:46, 成功率: 19.67%, 失败率 75.41%]
 [2023-03-22 23:06:47,840] - [backtest_tmp.py] - [day:2021-12-21, 均线多头 在 5 天后, 总数:214, 成功数:36, 失败数:171, 成功率: 16.82%, 失败率 79.91%]
 [2023-03-22 23:06:47,885] - [backtest_tmp.py] - [day:2021-12-21, 无大幅回撤 在 5 天后, 总数:21, 成功数:6, 失败数:15, 成功率: 28.57%, 失败率 71.43%]
 [2023-03-22 23:06:47,947] - [backtest_tmp.py] - [day:2021-12-21, 停机坪 在 5 天后, 总数:25, 成功数:4, 失败数:21, 成功率: 16.00%, 失败率 84.00%]
 [2023-03-22 23:06:49,226] - [backtest_tmp.py] - [day:2021-12-20, 海龟交易法则 在 5 天后, 总数:589, 成功数:90, 失败数:436, 成功率: 15.28%, 失败率 74.02%]
 [2023-03-22 23:06:49,230] - [backtest_tmp.py] - [day:2021-12-20, 放量上涨 在 5 天后, 总数:3, 成功数:1, 失败数:2, 成功率: 33.33%, 失败率 66.67%]
 [2023-03-22 23:06:49,397] - [backtest_tmp.py] - [day:2021-12-20, 突破平台 在 5 天后, 总数:63, 成功数:17, 失败数:43, 成功率: 26.98%, 失败率 68.25%]
 [2023-03-22 23:06:49,805] - [backtest_tmp.py] - [day:2021-12-20, 均线多头 在 5 天后, 总数:202, 成功数:37, 失败数:158, 成功率: 18.32%, 失败率 78.22%]
 [2023-03-22 23:06:49,838] - [backtest_tmp.py] - [day:2021-12-20, 无大幅回撤 在 5 天后, 总数:19, 成功数:2, 失败数:17, 成功率: 10.53%, 失败率 89.47%]
 [2023-03-22 23:06:49,897] - [backtest_tmp.py] - [day:2021-12-20, 停机坪 在 5 天后, 总数:26, 成功数:5, 失败数:20, 成功率: 19.23%, 失败率 76.92%]
 [2023-03-22 23:06:50,573] - [backtest_tmp.py] - [day:2021-10-31, 海龟交易法则 在 5 天后, 总数:319, 成功数:0, 失败数:319, 成功率: 0.00%, 失败率 100.00%]
 [2023-03-22 23:06:50,615] - [backtest_tmp.py] - [day:2021-10-31, 放量上涨 在 5 天后, 总数:13, 成功数:0, 失败数:13, 成功率: 0.00%, 失败率 100.00%]
 [2023-03-22 23:06:50,688] - [backtest_tmp.py] - [day:2021-10-31, 突破平台 在 5 天后, 总数:36, 成功数:0, 失败数:36, 成功率: 0.00%, 失败率 100.00%]
 [2023-03-22 23:06:50,785] - [backtest_tmp.py] - [day:2021-10-31, 均线多头 在 5 天后, 总数:53, 成功数:0, 失败数:53, 成功率: 0.00%, 失败率 100.00%]
 [2023-03-22 23:06:50,813] - [backtest_tmp.py] - [day:2021-10-31, 无大幅回撤 在 5 天后, 总数:11, 成功数:0, 失败数:11, 成功率: 0.00%, 失败率 100.00%]
 [2023-03-22 23:06:50,827] - [backtest_tmp.py] - [day:2021-10-31, 停机坪 在 5 天后, 总数:6, 成功数:0, 失败数:6, 成功率: 0.00%, 失败率 100.00%]
 [2023-03-22 23:06:51,172] - [backtest_tmp.py] - [day:2021-10-19, 海龟交易法则 在 5 天后, 总数:161, 成功数:27, 失败数:125, 成功率: 16.77%, 失败率 77.64%]
 [2023-03-22 23:06:51,195] - [backtest_tmp.py] - [day:2021-10-19, 放量上涨 在 5 天后, 总数:10, 成功数:1, 失败数:7, 成功率: 10.00%, 失败率 70.00%]
 [2023-03-22 23:06:51,311] - [backtest_tmp.py] - [day:2021-10-19, 突破平台 在 5 天后, 总数:47, 成功数:7, 失败数:32, 成功率: 14.89%, 失败率 68.09%]
 [2023-03-22 23:06:51,375] - [backtest_tmp.py] - [day:2021-10-19, 均线多头 在 5 天后, 总数:33, 成功数:10, 失败数:21, 成功率: 30.30%, 失败率 63.64%]
 [2023-03-22 23:06:51,386] - [backtest_tmp.py] - [day:2021-10-19, 无大幅回撤 在 5 天后, 总数:5, 成功数:2, 失败数:3, 成功率: 40.00%, 失败率 60.00%]
 [2023-03-22 23:06:51,405] - [backtest_tmp.py] - [day:2021-10-19, 停机坪 在 5 天后, 总数:6, 成功数:4, 失败数:2, 成功率: 66.67%, 失败率 33.33%]
 [2023-03-22 23:06:53,272] - [backtest_tmp.py] - [day:2023-03-03, 海龟交易法则 在 5 天后, 总数:662, 成功数:54, 失败数:561, 成功率: 8.16%, 失败率 84.74%]
 [2023-03-22 23:06:53,351] - [backtest_tmp.py] - [day:2023-03-03, 放量上涨 在 5 天后, 总数:26, 成功数:4, 失败数:17, 成功率: 15.38%, 失败率 65.38%]
 [2023-03-22 23:06:53,862] - [backtest_tmp.py] - [day:2023-03-03, 突破平台 在 5 天后, 总数:219, 成功数:15, 失败数:183, 成功率: 6.85%, 失败率 83.56%]
 [2023-03-22 23:06:54,229] - [backtest_tmp.py] - [day:2023-03-03, 均线多头 在 5 天后, 总数:104, 成功数:13, 失败数:82, 成功率: 12.50%, 失败率 78.85%]
 [2023-03-22 23:06:54,262] - [backtest_tmp.py] - [day:2023-03-03, 无大幅回撤 在 5 天后, 总数:8, 成功数:0, 失败数:7, 成功率: 0.00%, 失败率 87.50%]
 [2023-03-22 23:06:54,287] - [backtest_tmp.py] - [day:2023-03-03, 停机坪 在 5 天后, 总数:12, 成功数:1, 失败数:10, 成功率: 8.33%, 失败率 83.33%]
 [2023-03-22 23:06:55,736] - [backtest_tmp.py] - [day:2023-03-17, 海龟交易法则 在 5 天后, 总数:117, 成功数:0, 失败数:117, 成功率: 0.00%, 失败率 100.00%]
 [2023-03-22 23:06:55,761] - [backtest_tmp.py] - [day:2023-03-17, 放量上涨 在 5 天后, 总数:2, 成功数:0, 失败数:2, 成功率: 0.00%, 失败率 100.00%]
 [2023-03-22 23:06:56,445] - [backtest_tmp.py] - [day:2023-03-17, 突破平台 在 5 天后, 总数:99, 成功数:0, 失败数:99, 成功率: 0.00%, 失败率 100.00%]
 [2023-03-22 23:06:56,716] - [backtest_tmp.py] - [day:2023-03-17, 均线多头 在 5 天后, 总数:26, 成功数:0, 失败数:26, 成功率: 0.00%, 失败率 100.00%]
 [2023-03-22 23:06:56,761] - [backtest_tmp.py] - [day:2023-03-17, 无大幅回撤 在 5 天后, 总数:2, 成功数:0, 失败数:2, 成功率: 0.00%, 失败率 100.00%]
 [2023-03-22 23:06:56,765] - [backtest_tmp.py] - [day:2023-03-17, 停机坪 在 5 天后, 总数:5, 成功数:0, 失败数:5, 成功率: 0.00%, 失败率 100.00%]
 [2023-03-22 23:06:57,563] - [backtest_tmp.py] - [day:2023-03-16, 海龟交易法则 在 5 天后, 总数:74, 成功数:0, 失败数:74, 成功率: 0.00%, 失败率 100.00%]
 [2023-03-22 23:06:57,599] - [backtest_tmp.py] - [day:2023-03-16, 放量上涨 在 5 天后, 总数:5, 成功数:0, 失败数:5, 成功率: 0.00%, 失败率 100.00%]
 [2023-03-22 23:06:58,263] - [backtest_tmp.py] - [day:2023-03-16, 突破平台 在 5 天后, 总数:103, 成功数:0, 失败数:103, 成功率: 0.00%, 失败率 100.00%]
 [2023-03-22 23:06:58,585] - [backtest_tmp.py] - [day:2023-03-16, 均线多头 在 5 天后, 总数:24, 成功数:0, 失败数:24, 成功率: 0.00%, 失败率 100.00%]
 [2023-03-22 23:06:58,604] - [backtest_tmp.py] - [day:2023-03-16, 无大幅回撤 在 5 天后, 总数:1, 成功数:0, 失败数:1, 成功率: 0.00%, 失败率 100.00%]
 [2023-03-22 23:06:58,613] - [backtest_tmp.py] - [day:2023-03-16, 停机坪 在 5 天后, 总数:6, 成功数:0, 失败数:6, 成功率: 0.00%, 失败率 100.00%]
 [2023-03-22 23:07:01,849] - [backtest_tmp.py] - [day:2023-03-02, 海龟交易法则 在 5 天后, 总数:1091, 成功数:164, 失败数:750, 成功率: 15.03%, 失败率 68.74%]
 [2023-03-22 23:07:01,961] - [backtest_tmp.py] - [day:2023-03-02, 放量上涨 在 5 天后, 总数:38, 成功数:12, 失败数:25, 成功率: 31.58%, 失败率 65.79%]
 [2023-03-22 23:07:02,454] - [backtest_tmp.py] - [day:2023-03-02, 突破平台 在 5 天后, 总数:220, 成功数:24, 失败数:183, 成功率: 10.91%, 失败率 83.18%]
 [2023-03-22 23:07:02,770] - [backtest_tmp.py] - [day:2023-03-02, 均线多头 在 5 天后, 总数:108, 成功数:19, 失败数:82, 成功率: 17.59%, 失败率 75.93%]
 [2023-03-22 23:07:02,798] - [backtest_tmp.py] - [day:2023-03-02, 无大幅回撤 在 5 天后, 总数:9, 成功数:2, 失败数:6, 成功率: 22.22%, 失败率 66.67%]
 [2023-03-22 23:07:02,817] - [backtest_tmp.py] - [day:2023-03-02, 停机坪 在 5 天后, 总数:10, 成功数:1, 失败数:9, 成功率: 10.00%, 失败率 90.00%]
 [2023-03-22 23:07:03,686] - [backtest_tmp.py] - [day:2021-09-22, 海龟交易法则 在 5 天后, 总数:384, 成功数:28, 失败数:348, 成功率: 7.29%, 失败率 90.62%]
 [2023-03-22 23:07:03,725] - [backtest_tmp.py] - [day:2021-09-22, 放量上涨 在 5 天后, 总数:14, 成功数:3, 失败数:9, 成功率: 21.43%, 失败率 64.29%]
 [2023-03-22 23:07:03,883] - [backtest_tmp.py] - [day:2021-09-22, 突破平台 在 5 天后, 总数:58, 成功数:9, 失败数:43, 成功率: 15.52%, 失败率 74.14%]
 [2023-03-22 23:07:04,360] - [backtest_tmp.py] - [day:2021-09-22, 均线多头 在 5 天后, 总数:200, 成功数:8, 失败数:190, 成功率: 4.00%, 失败率 95.00%]
 [2023-03-22 23:07:04,446] - [backtest_tmp.py] - [day:2021-09-22, 无大幅回撤 在 5 天后, 总数:37, 成功数:3, 失败数:33, 成功率: 8.11%, 失败率 89.19%]
 [2023-03-22 23:07:04,501] - [backtest_tmp.py] - [day:2021-09-22, 停机坪 在 5 天后, 总数:20, 成功数:1, 失败数:19, 成功率: 5.00%, 失败率 95.00%]
 [2023-03-22 23:07:05,203] - [backtest_tmp.py] - [day:2023-03-14, 海龟交易法则 在 5 天后, 总数:212, 成功数:56, 失败数:132, 成功率: 26.42%, 失败率 62.26%]
 [2023-03-22 23:07:05,246] - [backtest_tmp.py] - [day:2023-03-14, 放量上涨 在 5 天后, 总数:19, 成功数:2, 失败数:15, 成功率: 10.53%, 失败率 78.95%]
 [2023-03-22 23:07:05,859] - [backtest_tmp.py] - [day:2023-03-14, 突破平台 在 5 天后, 总数:233, 成功数:47, 失败数:152, 成功率: 20.17%, 失败率 65.24%]
 [2023-03-22 23:07:06,227] - [backtest_tmp.py] - [day:2023-03-14, 均线多头 在 5 天后, 总数:115, 成功数:26, 失败数:77, 成功率: 22.61%, 失败率 66.96%]
 [2023-03-22 23:07:06,261] - [backtest_tmp.py] - [day:2023-03-14, 无大幅回撤 在 5 天后, 总数:8, 成功数:4, 失败数:3, 成功率: 50.00%, 失败率 37.50%]
 [2023-03-22 23:07:06,270] - [backtest_tmp.py] - [day:2023-03-14, 停机坪 在 5 天后, 总数:7, 成功数:1, 失败数:6, 成功率: 14.29%, 失败率 85.71%]
 [2023-03-22 23:07:07,709] - [backtest_tmp.py] - [day:2021-12-13, 海龟交易法则 在 5 天后, 总数:601, 成功数:131, 失败数:422, 成功率: 21.80%, 失败率 70.22%]
 [2023-03-22 23:07:07,745] - [backtest_tmp.py] - [day:2021-12-13, 放量上涨 在 5 天后, 总数:13, 成功数:0, 失败数:13, 成功率: 0.00%, 失败率 100.00%]
 [2023-03-22 23:07:07,922] - [backtest_tmp.py] - [day:2021-12-13, 突破平台 在 5 天后, 总数:65, 成功数:6, 失败数:56, 成功率: 9.23%, 失败率 86.15%]
 [2023-03-22 23:07:08,395] - [backtest_tmp.py] - [day:2021-12-13, 均线多头 在 5 天后, 总数:217, 成功数:32, 失败数:174, 成功率: 14.75%, 失败率 80.18%]
 [2023-03-22 23:07:08,424] - [backtest_tmp.py] - [day:2021-12-13, 无大幅回撤 在 5 天后, 总数:11, 成功数:4, 失败数:7, 成功率: 36.36%, 失败率 63.64%]
 [2023-03-22 23:07:08,492] - [backtest_tmp.py] - [day:2021-12-13, 停机坪 在 5 天后, 总数:22, 成功数:2, 失败数:20, 成功率: 9.09%, 失败率 90.91%]
 [2023-03-22 23:07:11,209] - [backtest_tmp.py] - [day:2023-03-01, 海龟交易法则 在 5 天后, 总数:903, 成功数:126, 失败数:646, 成功率: 13.95%, 失败率 71.54%]
 [2023-03-22 23:07:11,294] - [backtest_tmp.py] - [day:2023-03-01, 放量上涨 在 5 天后, 总数:31, 成功数:6, 失败数:22, 成功率: 19.35%, 失败率 70.97%]
 [2023-03-22 23:07:11,746] - [backtest_tmp.py] - [day:2023-03-01, 突破平台 在 5 天后, 总数:197, 成功数:16, 失败数:169, 成功率: 8.12%, 失败率 85.79%]
 [2023-03-22 23:07:12,046] - [backtest_tmp.py] - [day:2023-03-01, 均线多头 在 5 天后, 总数:108, 成功数:16, 失败数:82, 成功率: 14.81%, 失败率 75.93%]
 [2023-03-22 23:07:12,075] - [backtest_tmp.py] - [day:2023-03-01, 无大幅回撤 在 5 天后, 总数:9, 成功数:2, 失败数:5, 成功率: 22.22%, 失败率 55.56%]
 [2023-03-22 23:07:12,100] - [backtest_tmp.py] - [day:2023-03-01, 停机坪 在 5 天后, 总数:11, 成功数:0, 失败数:10, 成功率: 0.00%, 失败率 90.91%]
 [2023-03-22 23:07:13,135] - [backtest_tmp.py] - [day:2023-03-15, 海龟交易法则 在 5 天后, 总数:342, 成功数:62, 失败数:238, 成功率: 18.13%, 失败率 69.59%]
 [2023-03-22 23:07:13,173] - [backtest_tmp.py] - [day:2023-03-15, 放量上涨 在 5 天后, 总数:16, 成功数:3, 失败数:11, 成功率: 18.75%, 失败率 68.75%]
 [2023-03-22 23:07:13,788] - [backtest_tmp.py] - [day:2023-03-15, 突破平台 在 5 天后, 总数:239, 成功数:54, 失败数:160, 成功率: 22.59%, 失败率 66.95%]
 [2023-03-22 23:07:14,131] - [backtest_tmp.py] - [day:2023-03-15, 均线多头 在 5 天后, 总数:115, 成功数:24, 失败数:79, 成功率: 20.87%, 失败率 68.70%]
 [2023-03-22 23:07:14,159] - [backtest_tmp.py] - [day:2023-03-15, 无大幅回撤 在 5 天后, 总数:7, 成功数:2, 失败数:3, 成功率: 28.57%, 失败率 42.86%]
 [2023-03-22 23:07:14,167] - [backtest_tmp.py] - [day:2023-03-15, 停机坪 在 5 天后, 总数:7, 成功数:1, 失败数:6, 成功率: 14.29%, 失败率 85.71%]
 [2023-03-22 23:07:15,008] - [backtest_tmp.py] - [day:2021-09-23, 海龟交易法则 在 5 天后, 总数:357, 成功数:26, 失败数:321, 成功率: 7.28%, 失败率 89.92%]
 [2023-03-22 23:07:15,031] - [backtest_tmp.py] - [day:2021-09-23, 放量上涨 在 5 天后, 总数:10, 成功数:1, 失败数:7, 成功率: 10.00%, 失败率 70.00%]
 [2023-03-22 23:07:15,178] - [backtest_tmp.py] - [day:2021-09-23, 突破平台 在 5 天后, 总数:58, 成功数:7, 失败数:44, 成功率: 12.07%, 失败率 75.86%]
 [2023-03-22 23:07:15,649] - [backtest_tmp.py] - [day:2021-09-23, 均线多头 在 5 天后, 总数:192, 成功数:11, 失败数:177, 成功率: 5.73%, 失败率 92.19%]
 [2023-03-22 23:07:15,698] - [backtest_tmp.py] - [day:2021-09-23, 无大幅回撤 在 5 天后, 总数:30, 成功数:2, 失败数:28, 成功率: 6.67%, 失败率 93.33%]
 [2023-03-22 23:07:15,747] - [backtest_tmp.py] - [day:2021-09-23, 停机坪 在 5 天后, 总数:20, 成功数:1, 失败数:19, 成功率: 5.00%, 失败率 95.00%]
 [2023-03-22 23:07:16,022] - [backtest_tmp.py] - [day:2021-09-27, 海龟交易法则 在 5 天后, 总数:132, 成功数:22, 失败数:100, 成功率: 16.67%, 失败率 75.76%]
 [2023-03-22 23:07:16,042] - [backtest_tmp.py] - [day:2021-09-27, 放量上涨 在 5 天后, 总数:11, 成功数:2, 失败数:8, 成功率: 18.18%, 失败率 72.73%]
 [2023-03-22 23:07:16,182] - [backtest_tmp.py] - [day:2021-09-27, 突破平台 在 5 天后, 总数:60, 成功数:17, 失败数:37, 成功率: 28.33%, 失败率 61.67%]
 [2023-03-22 23:07:16,632] - [backtest_tmp.py] - [day:2021-09-27, 均线多头 在 5 天后, 总数:180, 成功数:25, 失败数:149, 成功率: 13.89%, 失败率 82.78%]
 [2023-03-22 23:07:16,658] - [backtest_tmp.py] - [day:2021-09-27, 无大幅回撤 在 5 天后, 总数:8, 成功数:1, 失败数:7, 成功率: 12.50%, 失败率 87.50%]
 [2023-03-22 23:07:16,704] - [backtest_tmp.py] - [day:2021-09-27, 停机坪 在 5 天后, 总数:19, 成功数:4, 失败数:15, 成功率: 21.05%, 失败率 78.95%]
 [2023-03-22 23:07:17,544] - [backtest_tmp.py] - [day:2023-03-11, 海龟交易法则 在 5 天后, 总数:260, 成功数:0, 失败数:260, 成功率: 0.00%, 失败率 100.00%]
 [2023-03-22 23:07:17,583] - [backtest_tmp.py] - [day:2023-03-11, 放量上涨 在 5 天后, 总数:17, 成功数:0, 失败数:17, 成功率: 0.00%, 失败率 100.00%]
 [2023-03-22 23:07:18,172] - [backtest_tmp.py] - [day:2023-03-11, 突破平台 在 5 天后, 总数:257, 成功数:0, 失败数:257, 成功率: 0.00%, 失败率 100.00%]
 [2023-03-22 23:07:18,403] - [backtest_tmp.py] - [day:2023-03-11, 均线多头 在 5 天后, 总数:83, 成功数:0, 失败数:83, 成功率: 0.00%, 失败率 100.00%]
 [2023-03-22 23:07:18,424] - [backtest_tmp.py] - [day:2023-03-11, 无大幅回撤 在 5 天后, 总数:6, 成功数:0, 失败数:6, 成功率: 0.00%, 失败率 100.00%]
 [2023-03-22 23:07:18,432] - [backtest_tmp.py] - [day:2023-03-11, 停机坪 在 5 天后, 总数:8, 成功数:0, 失败数:8, 成功率: 0.00%, 失败率 100.00%]
 [2023-03-22 23:07:20,252] - [backtest_tmp.py] - [day:2023-03-05, 海龟交易法则 在 5 天后, 总数:662, 成功数:0, 失败数:662, 成功率: 0.00%, 失败率 100.00%]
 [2023-03-22 23:07:20,327] - [backtest_tmp.py] - [day:2023-03-05, 放量上涨 在 5 天后, 总数:26, 成功数:0, 失败数:26, 成功率: 0.00%, 失败率 100.00%]
 [2023-03-22 23:07:20,827] - [backtest_tmp.py] - [day:2023-03-05, 突破平台 在 5 天后, 总数:220, 成功数:0, 失败数:220, 成功率: 0.00%, 失败率 100.00%]
 [2023-03-22 23:07:21,129] - [backtest_tmp.py] - [day:2023-03-05, 均线多头 在 5 天后, 总数:104, 成功数:0, 失败数:104, 成功率: 0.00%, 失败率 100.00%]
 [2023-03-22 23:07:21,158] - [backtest_tmp.py] - [day:2023-03-05, 无大幅回撤 在 5 天后, 总数:8, 成功数:0, 失败数:8, 成功率: 0.00%, 失败率 100.00%]
 [2023-03-22 23:07:21,178] - [backtest_tmp.py] - [day:2023-03-05, 停机坪 在 5 天后, 总数:12, 成功数:0, 失败数:12, 成功率: 0.00%, 失败率 100.00%]
 [2023-03-22 23:07:22,797] - [backtest_tmp.py] - [day:2021-12-17, 海龟交易法则 在 5 天后, 总数:688, 成功数:86, 失败数:543, 成功率: 12.50%, 失败率 78.92%]
 [2023-03-22 23:07:22,804] - [backtest_tmp.py] - [day:2021-12-17, 放量上涨 在 5 天后, 总数:3, 成功数:0, 失败数:3, 成功率: 0.00%, 失败率 100.00%]
 [2023-03-22 23:07:22,966] - [backtest_tmp.py] - [day:2021-12-17, 突破平台 在 5 天后, 总数:66, 成功数:15, 失败数:47, 成功率: 22.73%, 失败率 71.21%]
 [2023-03-22 23:07:23,410] - [backtest_tmp.py] - [day:2021-12-17, 均线多头 在 5 天后, 总数:208, 成功数:30, 失败数:169, 成功率: 14.42%, 失败率 81.25%]
 [2023-03-22 23:07:23,451] - [backtest_tmp.py] - [day:2021-12-17, 无大幅回撤 在 5 天后, 总数:18, 成功数:2, 失败数:16, 成功率: 11.11%, 失败率 88.89%]
 [2023-03-22 23:07:23,526] - [backtest_tmp.py] - [day:2021-12-17, 停机坪 在 5 天后, 总数:31, 成功数:4, 失败数:25, 成功率: 12.90%, 失败率 80.65%]
 [2023-03-22 23:07:25,171] - [backtest_tmp.py] - [day:2023-03-04, 海龟交易法则 在 5 天后, 总数:662, 成功数:0, 失败数:662, 成功率: 0.00%, 失败率 100.00%]
 [2023-03-22 23:07:25,238] - [backtest_tmp.py] - [day:2023-03-04, 放量上涨 在 5 天后, 总数:26, 成功数:0, 失败数:26, 成功率: 0.00%, 失败率 100.00%]
 [2023-03-22 23:07:25,697] - [backtest_tmp.py] - [day:2023-03-04, 突破平台 在 5 天后, 总数:220, 成功数:0, 失败数:220, 成功率: 0.00%, 失败率 100.00%]
 [2023-03-22 23:07:25,971] - [backtest_tmp.py] - [day:2023-03-04, 均线多头 在 5 天后, 总数:104, 成功数:0, 失败数:104, 成功率: 0.00%, 失败率 100.00%]
 [2023-03-22 23:07:25,998] - [backtest_tmp.py] - [day:2023-03-04, 无大幅回撤 在 5 天后, 总数:8, 成功数:0, 失败数:8, 成功率: 0.00%, 失败率 100.00%]
 [2023-03-22 23:07:26,016] - [backtest_tmp.py] - [day:2023-03-04, 停机坪 在 5 天后, 总数:12, 成功数:0, 失败数:12, 成功率: 0.00%, 失败率 100.00%]
 [2023-03-22 23:07:27,890] - [backtest_tmp.py] - [day:2021-12-16, 海龟交易法则 在 5 天后, 总数:881, 成功数:149, 失败数:618, 成功率: 16.91%, 失败率 70.15%]
 [2023-03-22 23:07:27,909] - [backtest_tmp.py] - [day:2021-12-16, 放量上涨 在 5 天后, 总数:9, 成功数:1, 失败数:7, 成功率: 11.11%, 失败率 77.78%]
 [2023-03-22 23:07:28,058] - [backtest_tmp.py] - [day:2021-12-16, 突破平台 在 5 天后, 总数:66, 成功数:13, 失败数:49, 成功率: 19.70%, 失败率 74.24%]
 [2023-03-22 23:07:28,440] - [backtest_tmp.py] - [day:2021-12-16, 均线多头 在 5 天后, 总数:201, 成功数:34, 失败数:157, 成功率: 16.92%, 失败率 78.11%]
 [2023-03-22 23:07:28,480] - [backtest_tmp.py] - [day:2021-12-16, 无大幅回撤 在 5 天后, 总数:17, 成功数:2, 失败数:15, 成功率: 11.76%, 失败率 88.24%]
 [2023-03-22 23:07:28,541] - [backtest_tmp.py] - [day:2021-12-16, 停机坪 在 5 天后, 总数:29, 成功数:2, 失败数:23, 成功率: 6.90%, 失败率 79.31%]
 [2023-03-22 23:07:29,429] - [backtest_tmp.py] - [day:2023-03-10, 海龟交易法则 在 5 天后, 总数:260, 成功数:65, 失败数:168, 成功率: 25.00%, 失败率 64.62%]
 [2023-03-22 23:07:29,473] - [backtest_tmp.py] - [day:2023-03-10, 放量上涨 在 5 天后, 总数:17, 成功数:2, 失败数:13, 成功率: 11.76%, 失败率 76.47%]
 [2023-03-22 23:07:30,093] - [backtest_tmp.py] - [day:2023-03-10, 突破平台 在 5 天后, 总数:258, 成功数:51, 失败数:185, 成功率: 19.77%, 失败率 71.71%]
 [2023-03-22 23:07:30,339] - [backtest_tmp.py] - [day:2023-03-10, 均线多头 在 5 天后, 总数:83, 成功数:25, 失败数:50, 成功率: 30.12%, 失败率 60.24%]
 [2023-03-22 23:07:30,362] - [backtest_tmp.py] - [day:2023-03-10, 无大幅回撤 在 5 天后, 总数:6, 成功数:3, 失败数:3, 成功率: 50.00%, 失败率 50.00%]
 [2023-03-22 23:07:30,370] - [backtest_tmp.py] - [day:2023-03-10, 停机坪 在 5 天后, 总数:8, 成功数:1, 失败数:6, 成功率: 12.50%, 失败率 75.00%]
 [2023-03-22 23:07:31,634] - [backtest_tmp.py] - [day:2021-12-14, 海龟交易法则 在 5 天后, 总数:608, 成功数:138, 失败数:425, 成功率: 22.70%, 失败率 69.90%]
 [2023-03-22 23:07:31,638] - [backtest_tmp.py] - [day:2021-12-14, 放量上涨 在 5 天后, 总数:2, 成功数:0, 失败数:2, 成功率: 0.00%, 失败率 100.00%]
 [2023-03-22 23:07:31,791] - [backtest_tmp.py] - [day:2021-12-14, 突破平台 在 5 天后, 总数:63, 成功数:12, 失败数:49, 成功率: 19.05%, 失败率 77.78%]
 [2023-03-22 23:07:32,158] - [backtest_tmp.py] - [day:2021-12-14, 均线多头 在 5 天后, 总数:194, 成功数:35, 失败数:146, 成功率: 18.04%, 失败率 75.26%]
 [2023-03-22 23:07:32,195] - [backtest_tmp.py] - [day:2021-12-14, 无大幅回撤 在 5 天后, 总数:15, 成功数:4, 失败数:11, 成功率: 26.67%, 失败率 73.33%]
 [2023-03-22 23:07:32,254] - [backtest_tmp.py] - [day:2021-12-14, 停机坪 在 5 天后, 总数:25, 成功数:5, 失败数:17, 成功率: 20.00%, 失败率 68.00%]
 [2023-03-22 23:07:34,336] - [backtest_tmp.py] - [day:2023-03-06, 海龟交易法则 在 5 天后, 总数:753, 成功数:78, 失败数:601, 成功率: 10.36%, 失败率 79.81%]
 [2023-03-22 23:07:34,402] - [backtest_tmp.py] - [day:2023-03-06, 放量上涨 在 5 天后, 总数:23, 成功数:3, 失败数:17, 成功率: 13.04%, 失败率 73.91%]
 [2023-03-22 23:07:34,880] - [backtest_tmp.py] - [day:2023-03-06, 突破平台 在 5 天后, 总数:213, 成功数:19, 失败数:171, 成功率: 8.92%, 失败率 80.28%]
 [2023-03-22 23:07:35,158] - [backtest_tmp.py] - [day:2023-03-06, 均线多头 在 5 天后, 总数:96, 成功数:20, 失败数:70, 成功率: 20.83%, 失败率 72.92%]
 [2023-03-22 23:07:35,173] - [backtest_tmp.py] - [day:2023-03-06, 无大幅回撤 在 5 天后, 总数:4, 成功数:0, 失败数:4, 成功率: 0.00%, 失败率 100.00%]
 [2023-03-22 23:07:35,188] - [backtest_tmp.py] - [day:2023-03-06, 停机坪 在 5 天后, 总数:9, 成功数:1, 失败数:7, 成功率: 11.11%, 失败率 77.78%]
 [2023-03-22 23:07:35,969] - [backtest_tmp.py] - [day:2023-03-12, 海龟交易法则 在 5 天后, 总数:260, 成功数:0, 失败数:260, 成功率: 0.00%, 失败率 100.00%]
 [2023-03-22 23:07:36,007] - [backtest_tmp.py] - [day:2023-03-12, 放量上涨 在 5 天后, 总数:17, 成功数:0, 失败数:17, 成功率: 0.00%, 失败率 100.00%]
 [2023-03-22 23:07:36,580] - [backtest_tmp.py] - [day:2023-03-12, 突破平台 在 5 天后, 总数:257, 成功数:0, 失败数:257, 成功率: 0.00%, 失败率 100.00%]
 [2023-03-22 23:07:36,806] - [backtest_tmp.py] - [day:2023-03-12, 均线多头 在 5 天后, 总数:83, 成功数:0, 失败数:83, 成功率: 0.00%, 失败率 100.00%]
 [2023-03-22 23:07:36,827] - [backtest_tmp.py] - [day:2023-03-12, 无大幅回撤 在 5 天后, 总数:6, 成功数:0, 失败数:6, 成功率: 0.00%, 失败率 100.00%]
 [2023-03-22 23:07:36,834] - [backtest_tmp.py] - [day:2023-03-12, 停机坪 在 5 天后, 总数:8, 成功数:0, 失败数:8, 成功率: 0.00%, 失败率 100.00%]
 [2023-03-22 23:07:37,679] - [backtest_tmp.py] - [day:2023-03-13, 海龟交易法则 在 5 天后, 总数:263, 成功数:50, 失败数:187, 成功率: 19.01%, 失败率 71.10%]
 [2023-03-22 23:07:37,721] - [backtest_tmp.py] - [day:2023-03-13, 放量上涨 在 5 天后, 总数:14, 成功数:1, 失败数:12, 成功率: 7.14%, 失败率 85.71%]
 [2023-03-22 23:07:38,310] - [backtest_tmp.py] - [day:2023-03-13, 突破平台 在 5 天后, 总数:243, 成功数:35, 失败数:183, 成功率: 14.40%, 失败率 75.31%]
 [2023-03-22 23:07:38,598] - [backtest_tmp.py] - [day:2023-03-13, 均线多头 在 5 天后, 总数:96, 成功数:19, 失败数:70, 成功率: 19.79%, 失败率 72.92%]
 [2023-03-22 23:07:38,622] - [backtest_tmp.py] - [day:2023-03-13, 无大幅回撤 在 5 天后, 总数:6, 成功数:3, 失败数:3, 成功率: 50.00%, 失败率 50.00%]
 [2023-03-22 23:07:38,630] - [backtest_tmp.py] - [day:2023-03-13, 停机坪 在 5 天后, 总数:8, 成功数:1, 失败数:7, 成功率: 12.50%, 失败率 87.50%]
 [2023-03-22 23:07:39,989] - [backtest_tmp.py] - [day:2021-12-15, 海龟交易法则 在 5 天后, 总数:666, 成功数:175, 失败数:441, 成功率: 26.28%, 失败率 66.22%]
 [2023-03-22 23:07:40,001] - [backtest_tmp.py] - [day:2021-12-15, 放量上涨 在 5 天后, 总数:4, 成功数:1, 失败数:3, 成功率: 25.00%, 失败率 75.00%]
 [2023-03-22 23:07:40,148] - [backtest_tmp.py] - [day:2021-12-15, 突破平台 在 5 天后, 总数:63, 成功数:11, 失败数:49, 成功率: 17.46%, 失败率 77.78%]
 [2023-03-22 23:07:40,519] - [backtest_tmp.py] - [day:2021-12-15, 均线多头 在 5 天后, 总数:194, 成功数:31, 失败数:152, 成功率: 15.98%, 失败率 78.35%]
 [2023-03-22 23:07:40,569] - [backtest_tmp.py] - [day:2021-12-15, 无大幅回撤 在 5 天后, 总数:17, 成功数:4, 失败数:13, 成功率: 23.53%, 失败率 76.47%]
 [2023-03-22 23:07:40,630] - [backtest_tmp.py] - [day:2021-12-15, 停机坪 在 5 天后, 总数:29, 成功数:3, 失败数:22, 成功率: 10.34%, 失败率 75.86%]
 [2023-03-22 23:07:42,005] - [backtest_tmp.py] - [day:2023-03-07, 海龟交易法则 在 5 天后, 总数:478, 成功数:46, 失败数:386, 成功率: 9.62%, 失败率 80.75%]
 [2023-03-22 23:07:42,054] - [backtest_tmp.py] - [day:2023-03-07, 放量上涨 在 5 天后, 总数:15, 成功数:2, 失败数:13, 成功率: 13.33%, 失败率 86.67%]
 [2023-03-22 23:07:42,546] - [backtest_tmp.py] - [day:2023-03-07, 突破平台 在 5 天后, 总数:227, 成功数:42, 失败数:174, 成功率: 18.50%, 失败率 76.65%]
 [2023-03-22 23:07:42,802] - [backtest_tmp.py] - [day:2023-03-07, 均线多头 在 5 天后, 总数:85, 成功数:18, 失败数:62, 成功率: 21.18%, 失败率 72.94%]
 [2023-03-22 23:07:42,817] - [backtest_tmp.py] - [day:2023-03-07, 无大幅回撤 在 5 天后, 总数:4, 成功数:0, 失败数:2, 成功率: 0.00%, 失败率 50.00%]
 [2023-03-22 23:07:42,832] - [backtest_tmp.py] - [day:2023-03-07, 停机坪 在 5 天后, 总数:9, 成功数:1, 失败数:7, 成功率: 11.11%, 失败率 77.78%]
 [2023-03-22 23:07:44,197] - [backtest_tmp.py] - [day:2023-02-20, 海龟交易法则 在 5 天后, 总数:542, 成功数:64, 失败数:425, 成功率: 11.81%, 失败率 78.41%]
 [2023-03-22 23:07:44,310] - [backtest_tmp.py] - [day:2023-02-20, 放量上涨 在 5 天后, 总数:53, 成功数:10, 失败数:39, 成功率: 18.87%, 失败率 73.58%]
 [2023-03-22 23:07:44,513] - [backtest_tmp.py] - [day:2023-02-20, 突破平台 在 5 天后, 总数:101, 成功数:11, 失败数:78, 成功率: 10.89%, 失败率 77.23%]
 [2023-03-22 23:07:44,816] - [backtest_tmp.py] - [day:2023-02-20, 均线多头 在 5 天后, 总数:145, 成功数:16, 失败数:124, 成功率: 11.03%, 失败率 85.52%]
 [2023-03-22 23:07:44,824] - [backtest_tmp.py] - [day:2023-02-20, 无大幅回撤 在 5 天后, 总数:3, 成功数:0, 失败数:3, 成功率: 0.00%, 失败率 100.00%]
 [2023-03-22 23:07:44,848] - [backtest_tmp.py] - [day:2023-02-20, 停机坪 在 5 天后, 总数:15, 成功数:2, 失败数:13, 成功率: 13.33%, 失败率 86.67%]
 [2023-03-22 23:07:46,849] - [backtest_tmp.py] - [day:2021-11-23, 海龟交易法则 在 5 天后, 总数:896, 成功数:112, 失败数:695, 成功率: 12.50%, 失败率 77.57%]
 [2023-03-22 23:07:46,894] - [backtest_tmp.py] - [day:2021-11-23, 放量上涨 在 5 天后, 总数:15, 成功数:4, 失败数:11, 成功率: 26.67%, 失败率 73.33%]
 [2023-03-22 23:07:47,022] - [backtest_tmp.py] - [day:2021-11-23, 突破平台 在 5 天后, 总数:49, 成功数:2, 失败数:43, 成功率: 4.08%, 失败率 87.76%]
 [2023-03-22 23:07:47,876] - [backtest_tmp.py] - [day:2021-11-23, 均线多头 在 5 天后, 总数:415, 成功数:87, 失败数:302, 成功率: 20.96%, 失败率 72.77%]
 [2023-03-22 23:07:47,913] - [backtest_tmp.py] - [day:2021-11-23, 无大幅回撤 在 5 天后, 总数:13, 成功数:1, 失败数:11, 成功率: 7.69%, 失败率 84.62%]
 [2023-03-22 23:07:47,975] - [backtest_tmp.py] - [day:2021-11-23, 停机坪 在 5 天后, 总数:23, 成功数:5, 失败数:14, 成功率: 21.74%, 失败率 60.87%]
 [2023-03-22 23:07:49,677] - [backtest_tmp.py] - [day:2021-11-22, 海龟交易法则 在 5 天后, 总数:867, 成功数:129, 失败数:675, 成功率: 14.88%, 失败率 77.85%]
 [2023-03-22 23:07:49,718] - [backtest_tmp.py] - [day:2021-11-22, 放量上涨 在 5 天后, 总数:19, 成功数:4, 失败数:13, 成功率: 21.05%, 失败率 68.42%]
 [2023-03-22 23:07:49,842] - [backtest_tmp.py] - [day:2021-11-22, 突破平台 在 5 天后, 总数:50, 成功数:4, 失败数:44, 成功率: 8.00%, 失败率 88.00%]
 [2023-03-22 23:07:50,627] - [backtest_tmp.py] - [day:2021-11-22, 均线多头 在 5 天后, 总数:410, 成功数:73, 失败数:312, 成功率: 17.80%, 失败率 76.10%]
 [2023-03-22 23:07:50,676] - [backtest_tmp.py] - [day:2021-11-22, 无大幅回撤 在 5 天后, 总数:18, 成功数:3, 失败数:14, 成功率: 16.67%, 失败率 77.78%]
 [2023-03-22 23:07:50,729] - [backtest_tmp.py] - [day:2021-11-22, 停机坪 在 5 天后, 总数:24, 成功数:5, 失败数:19, 成功率: 20.83%, 失败率 79.17%]
 [2023-03-22 23:07:52,165] - [backtest_tmp.py] - [day:2023-02-21, 海龟交易法则 在 5 天后, 总数:513, 成功数:52, 失败数:365, 成功率: 10.14%, 失败率 71.15%]
 [2023-03-22 23:07:52,230] - [backtest_tmp.py] - [day:2023-02-21, 放量上涨 在 5 天后, 总数:31, 成功数:2, 失败数:25, 成功率: 6.45%, 失败率 80.65%]
 [2023-03-22 23:07:52,507] - [backtest_tmp.py] - [day:2023-02-21, 突破平台 在 5 天后, 总数:117, 成功数:10, 失败数:94, 成功率: 8.55%, 失败率 80.34%]
 [2023-03-22 23:07:53,170] - [backtest_tmp.py] - [day:2023-02-21, 均线多头 在 5 天后, 总数:220, 成功数:33, 失败数:158, 成功率: 15.00%, 失败率 71.82%]
 [2023-03-22 23:07:53,196] - [backtest_tmp.py] - [day:2023-02-21, 无大幅回撤 在 5 天后, 总数:8, 成功数:2, 失败数:4, 成功率: 25.00%, 失败率 50.00%]
 [2023-03-22 23:07:53,223] - [backtest_tmp.py] - [day:2023-02-21, 停机坪 在 5 天后, 总数:16, 成功数:0, 失败数:15, 成功率: 0.00%, 失败率 93.75%]
 [2023-03-22 23:07:54,782] - [backtest_tmp.py] - [day:2023-02-23, 海龟交易法则 在 5 天后, 总数:588, 成功数:84, 失败数:414, 成功率: 14.29%, 失败率 70.41%]
 [2023-03-22 23:07:54,815] - [backtest_tmp.py] - [day:2023-02-23, 放量上涨 在 5 天后, 总数:13, 成功数:3, 失败数:8, 成功率: 23.08%, 失败率 61.54%]
 [2023-03-22 23:07:55,144] - [backtest_tmp.py] - [day:2023-02-23, 突破平台 在 5 天后, 总数:150, 成功数:15, 失败数:118, 成功率: 10.00%, 失败率 78.67%]
 [2023-03-22 23:07:55,730] - [backtest_tmp.py] - [day:2023-02-23, 均线多头 在 5 天后, 总数:207, 成功数:59, 失败数:136, 成功率: 28.50%, 失败率 65.70%]
 [2023-03-22 23:07:55,757] - [backtest_tmp.py] - [day:2023-02-23, 无大幅回撤 在 5 天后, 总数:9, 成功数:4, 失败数:4, 成功率: 44.44%, 失败率 44.44%]
 [2023-03-22 23:07:55,784] - [backtest_tmp.py] - [day:2023-02-23, 停机坪 在 5 天后, 总数:14, 成功数:2, 失败数:11, 成功率: 14.29%, 失败率 78.57%]
 [2023-03-22 23:07:56,929] - [backtest_tmp.py] - [day:2021-11-08, 海龟交易法则 在 5 天后, 总数:615, 成功数:188, 失败数:391, 成功率: 30.57%, 失败率 63.58%]
 [2023-03-22 23:07:56,948] - [backtest_tmp.py] - [day:2021-11-08, 放量上涨 在 5 天后, 总数:6, 成功数:1, 失败数:5, 成功率: 16.67%, 失败率 83.33%]
 [2023-03-22 23:07:57,035] - [backtest_tmp.py] - [day:2021-11-08, 突破平台 在 5 天后, 总数:35, 成功数:11, 失败数:24, 成功率: 31.43%, 失败率 68.57%]
 [2023-03-22 23:07:57,396] - [backtest_tmp.py] - [day:2021-11-08, 均线多头 在 5 天后, 总数:172, 成功数:45, 失败数:113, 成功率: 26.16%, 失败率 65.70%]
 [2023-03-22 23:07:57,417] - [backtest_tmp.py] - [day:2021-11-08, 无大幅回撤 在 5 天后, 总数:12, 成功数:4, 失败数:8, 成功率: 33.33%, 失败率 66.67%]
 [2023-03-22 23:07:57,475] - [backtest_tmp.py] - [day:2021-11-08, 停机坪 在 5 天后, 总数:23, 成功数:6, 失败数:12, 成功率: 26.09%, 失败率 52.17%]
 [2023-03-22 23:07:59,381] - [backtest_tmp.py] - [day:2021-11-09, 海龟交易法则 在 5 天后, 总数:942, 成功数:233, 失败数:596, 成功率: 24.73%, 失败率 63.27%]
 [2023-03-22 23:07:59,385] - [backtest_tmp.py] - [day:2021-11-09, 放量上涨 在 5 天后, 总数:2, 成功数:0, 失败数:2, 成功率: 0.00%, 失败率 100.00%]
 [2023-03-22 23:07:59,459] - [backtest_tmp.py] - [day:2021-11-09, 突破平台 在 5 天后, 总数:31, 成功数:10, 失败数:19, 成功率: 32.26%, 失败率 61.29%]
 [2023-03-22 23:07:59,845] - [backtest_tmp.py] - [day:2021-11-09, 均线多头 在 5 天后, 总数:182, 成功数:53, 失败数:119, 成功率: 29.12%, 失败率 65.38%]
 [2023-03-22 23:07:59,860] - [backtest_tmp.py] - [day:2021-11-09, 无大幅回撤 在 5 天后, 总数:12, 成功数:3, 失败数:9, 成功率: 25.00%, 失败率 75.00%]
 [2023-03-22 23:07:59,921] - [backtest_tmp.py] - [day:2021-11-09, 停机坪 在 5 天后, 总数:25, 成功数:8, 失败数:13, 成功率: 32.00%, 失败率 52.00%]
 [2023-03-22 23:08:01,527] - [backtest_tmp.py] - [day:2023-02-22, 海龟交易法则 在 5 天后, 总数:613, 成功数:89, 失败数:394, 成功率: 14.52%, 失败率 64.27%]
 [2023-03-22 23:08:01,551] - [backtest_tmp.py] - [day:2023-02-22, 放量上涨 在 5 天后, 总数:12, 成功数:2, 失败数:9, 成功率: 16.67%, 失败率 75.00%]
 [2023-03-22 23:08:01,870] - [backtest_tmp.py] - [day:2023-02-22, 突破平台 在 5 天后, 总数:140, 成功数:12, 失败数:116, 成功率: 8.57%, 失败率 82.86%]
 [2023-03-22 23:08:02,489] - [backtest_tmp.py] - [day:2023-02-22, 均线多头 在 5 天后, 总数:219, 成功数:46, 失败数:151, 成功率: 21.00%, 失败率 68.95%]
 [2023-03-22 23:08:02,512] - [backtest_tmp.py] - [day:2023-02-22, 无大幅回撤 在 5 天后, 总数:8, 成功数:1, 失败数:6, 成功率: 12.50%, 失败率 75.00%]
 [2023-03-22 23:08:02,542] - [backtest_tmp.py] - [day:2023-02-22, 停机坪 在 5 天后, 总数:15, 成功数:2, 失败数:12, 成功率: 13.33%, 失败率 80.00%]
 [2023-03-22 23:08:03,292] - [backtest_tmp.py] - [day:2023-02-26, 海龟交易法则 在 5 天后, 总数:289, 成功数:0, 失败数:289, 成功率: 0.00%, 失败率 100.00%]
 [2023-03-22 23:08:03,330] - [backtest_tmp.py] - [day:2023-02-26, 放量上涨 在 5 天后, 总数:15, 成功数:0, 失败数:15, 成功率: 0.00%, 失败率 100.00%]
 [2023-03-22 23:08:03,671] - [backtest_tmp.py] - [day:2023-02-26, 突破平台 在 5 天后, 总数:163, 成功数:0, 失败数:163, 成功率: 0.00%, 失败率 100.00%]
 [2023-03-22 23:08:04,122] - [backtest_tmp.py] - [day:2023-02-26, 均线多头 在 5 天后, 总数:175, 成功数:0, 失败数:175, 成功率: 0.00%, 失败率 100.00%]
 [2023-03-22 23:08:04,149] - [backtest_tmp.py] - [day:2023-02-26, 无大幅回撤 在 5 天后, 总数:8, 成功数:0, 失败数:8, 成功率: 0.00%, 失败率 100.00%]
 [2023-03-22 23:08:04,167] - [backtest_tmp.py] - [day:2023-02-26, 停机坪 在 5 天后, 总数:12, 成功数:0, 失败数:12, 成功率: 0.00%, 失败率 100.00%]
 [2023-03-22 23:08:05,755] - [backtest_tmp.py] - [day:2021-11-25, 海龟交易法则 在 5 天后, 总数:695, 成功数:104, 失败数:509, 成功率: 14.96%, 失败率 73.24%]
 [2023-03-22 23:08:05,788] - [backtest_tmp.py] - [day:2021-11-25, 放量上涨 在 5 天后, 总数:6, 成功数:2, 失败数:4, 成功率: 33.33%, 失败率 66.67%]
 [2023-03-22 23:08:05,938] - [backtest_tmp.py] - [day:2021-11-25, 突破平台 在 5 天后, 总数:50, 成功数:7, 失败数:35, 成功率: 14.00%, 失败率 70.00%]
 [2023-03-22 23:08:06,954] - [backtest_tmp.py] - [day:2021-11-25, 均线多头 在 5 天后, 总数:398, 成功数:76, 失败数:298, 成功率: 19.10%, 失败率 74.87%]
 [2023-03-22 23:08:06,983] - [backtest_tmp.py] - [day:2021-11-25, 无大幅回撤 在 5 天后, 总数:12, 成功数:1, 失败数:10, 成功率: 8.33%, 失败率 83.33%]
 [2023-03-22 23:08:07,065] - [backtest_tmp.py] - [day:2021-11-25, 停机坪 在 5 天后, 总数:29, 成功数:4, 失败数:24, 成功率: 13.79%, 失败率 82.76%]
 [2023-03-22 23:08:09,103] - [backtest_tmp.py] - [day:2021-11-19, 海龟交易法则 在 5 天后, 总数:904, 成功数:143, 失败数:658, 成功率: 15.82%, 失败率 72.79%]
 [2023-03-22 23:08:09,121] - [backtest_tmp.py] - [day:2021-11-19, 放量上涨 在 5 天后, 总数:11, 成功数:2, 失败数:8, 成功率: 18.18%, 失败率 72.73%]
 [2023-03-22 23:08:09,251] - [backtest_tmp.py] - [day:2021-11-19, 突破平台 在 5 天后, 总数:49, 成功数:6, 失败数:40, 成功率: 12.24%, 失败率 81.63%]
 [2023-03-22 23:08:09,932] - [backtest_tmp.py] - [day:2021-11-19, 均线多头 在 5 天后, 总数:362, 成功数:61, 失败数:272, 成功率: 16.85%, 失败率 75.14%]
 [2023-03-22 23:08:09,978] - [backtest_tmp.py] - [day:2021-11-19, 无大幅回撤 在 5 天后, 总数:16, 成功数:4, 失败数:11, 成功率: 25.00%, 失败率 68.75%]
 [2023-03-22 23:08:10,056] - [backtest_tmp.py] - [day:2021-11-19, 停机坪 在 5 天后, 总数:30, 成功数:4, 失败数:24, 成功率: 13.33%, 失败率 80.00%]
 [2023-03-22 23:08:11,211] - [backtest_tmp.py] - [day:2021-11-18, 海龟交易法则 在 5 天后, 总数:547, 成功数:124, 失败数:372, 成功率: 22.67%, 失败率 68.01%]
 [2023-03-22 23:08:11,224] - [backtest_tmp.py] - [day:2021-11-18, 放量上涨 在 5 天后, 总数:11, 成功数:2, 失败数:8, 成功率: 18.18%, 失败率 72.73%]
 [2023-03-22 23:08:11,345] - [backtest_tmp.py] - [day:2021-11-18, 突破平台 在 5 天后, 总数:46, 成功数:10, 失败数:29, 成功率: 21.74%, 失败率 63.04%]
 [2023-03-22 23:08:11,949] - [backtest_tmp.py] - [day:2021-11-18, 均线多头 在 5 天后, 总数:319, 成功数:62, 失败数:234, 成功率: 19.44%, 失败率 73.35%]
 [2023-03-22 23:08:11,991] - [backtest_tmp.py] - [day:2021-11-18, 无大幅回撤 在 5 天后, 总数:15, 成功数:5, 失败数:9, 成功率: 33.33%, 失败率 60.00%]
 [2023-03-22 23:08:12,070] - [backtest_tmp.py] - [day:2021-11-18, 停机坪 在 5 天后, 总数:30, 成功数:5, 失败数:23, 成功率: 16.67%, 失败率 76.67%]
 [2023-03-22 23:08:13,972] - [backtest_tmp.py] - [day:2021-11-24, 海龟交易法则 在 5 天后, 总数:816, 成功数:130, 失败数:578, 成功率: 15.93%, 失败率 70.83%]
 [2023-03-22 23:08:13,997] - [backtest_tmp.py] - [day:2021-11-24, 放量上涨 在 5 天后, 总数:13, 成功数:0, 失败数:10, 成功率: 0.00%, 失败率 76.92%]
 [2023-03-22 23:08:14,118] - [backtest_tmp.py] - [day:2021-11-24, 突破平台 在 5 天后, 总数:48, 成功数:4, 失败数:36, 成功率: 8.33%, 失败率 75.00%]
 [2023-03-22 23:08:15,007] - [backtest_tmp.py] - [day:2021-11-24, 均线多头 在 5 天后, 总数:408, 成功数:91, 失败数:280, 成功率: 22.30%, 失败率 68.63%]
 [2023-03-22 23:08:15,103] - [backtest_tmp.py] - [day:2021-11-24, 无大幅回撤 在 5 天后, 总数:13, 成功数:0, 失败数:11, 成功率: 0.00%, 失败率 84.62%]
 [2023-03-22 23:08:15,202] - [backtest_tmp.py] - [day:2021-11-24, 停机坪 在 5 天后, 总数:26, 成功数:4, 失败数:19, 成功率: 15.38%, 失败率 73.08%]
 [2023-03-22 23:08:17,108] - [backtest_tmp.py] - [day:2022-01-01, 海龟交易法则 在 5 天后, 总数:747, 成功数:0, 失败数:747, 成功率: 0.00%, 失败率 100.00%]
 [2023-03-22 23:08:17,135] - [backtest_tmp.py] - [day:2022-01-01, 放量上涨 在 5 天后, 总数:12, 成功数:0, 失败数:12, 成功率: 0.00%, 失败率 100.00%]
 [2023-03-22 23:08:17,271] - [backtest_tmp.py] - [day:2022-01-01, 突破平台 在 5 天后, 总数:47, 成功数:0, 失败数:47, 成功率: 0.00%, 失败率 100.00%]
 [2023-03-22 23:08:17,731] - [backtest_tmp.py] - [day:2022-01-01, 均线多头 在 5 天后, 总数:204, 成功数:0, 失败数:204, 成功率: 0.00%, 失败率 100.00%]
 [2023-03-22 23:08:17,788] - [backtest_tmp.py] - [day:2022-01-01, 无大幅回撤 在 5 天后, 总数:21, 成功数:0, 失败数:21, 成功率: 0.00%, 失败率 100.00%]
 [2023-03-22 23:08:17,792] - [backtest_tmp.py] - [day:2022-01-01, 停机坪 在 5 天后, 总数:7, 成功数:0, 失败数:7, 成功率: 0.00%, 失败率 100.00%]
 [2023-03-22 23:08:18,848] - [backtest_tmp.py] - [day:2023-02-27, 海龟交易法则 在 5 天后, 总数:336, 成功数:80, 失败数:213, 成功率: 23.81%, 失败率 63.39%]
 [2023-03-22 23:08:18,909] - [backtest_tmp.py] - [day:2023-02-27, 放量上涨 在 5 天后, 总数:23, 成功数:4, 失败数:17, 成功率: 17.39%, 失败率 73.91%]
 [2023-03-22 23:08:19,345] - [backtest_tmp.py] - [day:2023-02-27, 突破平台 在 5 天后, 总数:175, 成功数:33, 失败数:113, 成功率: 18.86%, 失败率 64.57%]
 [2023-03-22 23:08:19,780] - [backtest_tmp.py] - [day:2023-02-27, 均线多头 在 5 天后, 总数:145, 成功数:51, 失败数:88, 成功率: 35.17%, 失败率 60.69%]
 [2023-03-22 23:08:19,808] - [backtest_tmp.py] - [day:2023-02-27, 无大幅回撤 在 5 天后, 总数:9, 成功数:3, 失败数:4, 成功率: 33.33%, 失败率 44.44%]
 [2023-03-22 23:08:19,829] - [backtest_tmp.py] - [day:2023-02-27, 停机坪 在 5 天后, 总数:13, 成功数:2, 失败数:10, 成功率: 15.38%, 失败率 76.92%]
 [2023-03-22 23:08:20,621] - [backtest_tmp.py] - [day:2023-02-25, 海龟交易法则 在 5 天后, 总数:289, 成功数:0, 失败数:289, 成功率: 0.00%, 失败率 100.00%]
 [2023-03-22 23:08:20,661] - [backtest_tmp.py] - [day:2023-02-25, 放量上涨 在 5 天后, 总数:15, 成功数:0, 失败数:15, 成功率: 0.00%, 失败率 100.00%]
 [2023-03-22 23:08:21,011] - [backtest_tmp.py] - [day:2023-02-25, 突破平台 在 5 天后, 总数:163, 成功数:0, 失败数:163, 成功率: 0.00%, 失败率 100.00%]
 [2023-03-22 23:08:21,535] - [backtest_tmp.py] - [day:2023-02-25, 均线多头 在 5 天后, 总数:175, 成功数:0, 失败数:175, 成功率: 0.00%, 失败率 100.00%]
 [2023-03-22 23:08:21,563] - [backtest_tmp.py] - [day:2023-02-25, 无大幅回撤 在 5 天后, 总数:8, 成功数:0, 失败数:8, 成功率: 0.00%, 失败率 100.00%]
 [2023-03-22 23:08:21,584] - [backtest_tmp.py] - [day:2023-02-25, 停机坪 在 5 天后, 总数:12, 成功数:0, 失败数:12, 成功率: 0.00%, 失败率 100.00%]
 [2023-03-22 23:08:22,741] - [backtest_tmp.py] - [day:2021-11-26, 海龟交易法则 在 5 天后, 总数:474, 成功数:80, 失败数:349, 成功率: 16.88%, 失败率 73.63%]
 [2023-03-22 23:08:22,746] - [backtest_tmp.py] - [day:2021-11-26, 放量上涨 在 5 天后, 总数:1, 成功数:0, 失败数:1, 成功率: 0.00%, 失败率 100.00%]
 [2023-03-22 23:08:22,905] - [backtest_tmp.py] - [day:2021-11-26, 突破平台 在 5 天后, 总数:51, 成功数:14, 失败数:31, 成功率: 27.45%, 失败率 60.78%]
 [2023-03-22 23:08:23,805] - [backtest_tmp.py] - [day:2021-11-26, 均线多头 在 5 天后, 总数:382, 成功数:68, 失败数:289, 成功率: 17.80%, 失败率 75.65%]
 [2023-03-22 23:08:23,859] - [backtest_tmp.py] - [day:2021-11-26, 无大幅回撤 在 5 天后, 总数:15, 成功数:1, 失败数:13, 成功率: 6.67%, 失败率 86.67%]
 [2023-03-22 23:08:23,945] - [backtest_tmp.py] - [day:2021-11-26, 停机坪 在 5 天后, 总数:29, 成功数:4, 失败数:22, 成功率: 13.79%, 失败率 75.86%]
 [2023-03-22 23:08:24,764] - [backtest_tmp.py] - [day:2023-02-24, 海龟交易法则 在 5 天后, 总数:289, 成功数:63, 失败数:199, 成功率: 21.80%, 失败率 68.86%]
 [2023-03-22 23:08:24,802] - [backtest_tmp.py] - [day:2023-02-24, 放量上涨 在 5 天后, 总数:15, 成功数:4, 失败数:10, 成功率: 26.67%, 失败率 66.67%]
 [2023-03-22 23:08:25,163] - [backtest_tmp.py] - [day:2023-02-24, 突破平台 在 5 天后, 总数:163, 成功数:23, 失败数:115, 成功率: 14.11%, 失败率 70.55%]
 [2023-03-22 23:08:25,634] - [backtest_tmp.py] - [day:2023-02-24, 均线多头 在 5 天后, 总数:175, 成功数:37, 失败数:121, 成功率: 21.14%, 失败率 69.14%]
 [2023-03-22 23:08:25,661] - [backtest_tmp.py] - [day:2023-02-24, 无大幅回撤 在 5 天后, 总数:8, 成功数:2, 失败数:3, 成功率: 25.00%, 失败率 37.50%]
 [2023-03-22 23:08:25,683] - [backtest_tmp.py] - [day:2023-02-24, 停机坪 在 5 天后, 总数:12, 成功数:0, 失败数:10, 成功率: 0.00%, 失败率 83.33%]
